Start testing: Jan 09 00:14 EST
----------------------------------------------------------
1/1 Testing: testgoogle
1/1 Test: testgoogle
Command: "/Users/lnz/Documents/MyGithub/L..tCode/Cpp/build/test/testgoogle/testgoogle"
Directory: /Users/lnz/Documents/MyGithub/L..tCode/Cpp/build/test/testgoogle
"testgoogle" start time: Jan 09 00:14 EST
Output:
----------------------------------------------------------
[==========] Running 4 tests from 2 test cases.
[----------] Global test environment set-up.
[----------] 1 test from Array
[ RUN      ] Array.TwoSum
[       OK ] Array.TwoSum (0 ms)
[----------] 1 test from Array (0 ms total)

[----------] 3 tests from GoogleTest
[ RUN      ] GoogleTest.ByDefaultFooTrueIsTrue

GMOCK WARNING:
Uninteresting mock function call - taking default action specified at:
/Users/lnz/Documents/MyGithub/L..tCode/Cpp/test/testgoogle/testgoogle.cpp:8:
    Function call: dui()
          Returns: true
NOTE: You can safely ignore the above warning unless this call should not happen.  Do not suppress it by blindly adding an EXPECT_CALL() if you don't mean to enforce the call.  See https://github.com/google/googletest/blob/master/googlemock/docs/CookBook.md#knowing-when-to-expect for details.
[       OK ] GoogleTest.ByDefaultFooTrueIsTrue (0 ms)
[ RUN      ] GoogleTest.ByDefaultFooFalseIsFalse

GMOCK WARNING:
Uninteresting mock function call - taking default action specified at:
/Users/lnz/Documents/MyGithub/L..tCode/Cpp/test/testgoogle/testgoogle.cpp:10:
    Function call: cuo()
          Returns: false
NOTE: You can safely ignore the above warning unless this call should not happen.  Do not suppress it by blindly adding an EXPECT_CALL() if you don't mean to enforce the call.  See https://github.com/google/googletest/blob/master/googlemock/docs/CookBook.md#knowing-when-to-expect for details.
[       OK ] GoogleTest.ByDefaultFooFalseIsFalse (0 ms)
[ RUN      ] GoogleTest.SometimesFooFalseIsTrue
[       OK ] GoogleTest.SometimesFooFalseIsTrue (0 ms)
[----------] 3 tests from GoogleTest (0 ms total)

[----------] Global test environment tear-down
[==========] 4 tests from 2 test cases ran. (0 ms total)
[  PASSED  ] 4 tests.
<end of output>
Test time =   0.00 sec
----------------------------------------------------------
Test Passed.
"testgoogle" end time: Jan 09 00:14 EST
"testgoogle" time elapsed: 00:00:00
----------------------------------------------------------

End testing: Jan 09 00:14 EST
